<?xml version="1.0" encoding="utf-8"?><testsuite errors="0" failures="0" name="sphinx-gallery" skipped="2" tests="19" time="43.230563163757324"><testcase classname="plot_0_sin" file="../examples/plot_0_sin.py" line="1" name="Introductory example - Plotting sin" time="0.8722050189971924"></testcase><testcase classname="plot_1_exp" file="../examples/plot_1_exp.py" line="1" name="Plotting the exponential function" time="0.9810152053833008"></testcase><testcase classname="plot_2_seaborn" file="../examples/plot_2_seaborn.py" line="1" name="Seaborn example" time="2.0030386447906494"></testcase><testcase classname="plot_3_capture_repr" file="../examples/plot_3_capture_repr.py" line="1" name="Capturing output representations" time="2.861530065536499"></testcase><testcase classname="plot_4_choose_thumbnail" file="../examples/plot_4_choose_thumbnail.py" line="1" name="Choosing the thumbnail figure" time="1.0461328029632568"></testcase><testcase classname="plot_4b_provide_thumbnail" file="../examples/plot_4b_provide_thumbnail.py" line="1" name="Providing a figure for the thumbnail image" time="1.826876163482666"></testcase><testcase classname="plot_5_unicode_everywhere" file="../examples/plot_5_unicode_everywhere.py" line="1" name="Using Unicode everywhere 🤗" time="1.087754726409912"></testcase><testcase classname="plot_6_function_identifier" file="../examples/plot_6_function_identifier.py" line="1" name="Identifying function names in a script" time="0.7615761756896973"></testcase><testcase classname="plot_7_sys_argv" file="../examples/plot_7_sys_argv.py" line="1" name="Using sys.argv in examples" time="0.22814536094665527"></testcase><testcase classname="plot_8_animations" file="../examples/plot_8_animations.py" line="1" name="Matplotlib animation support" time="2.329447031021118"></testcase><testcase classname="plot_raise" file="../examples/no_output/plot_raise.py" line="1" name="Example that fails to execute" time="0.8622207641601562"><skipped message="expected example failure"></skipped></testcase><testcase classname="plot_strings" file="../examples/no_output/plot_strings.py" line="1" name="Constrained Text output frame" time="0.42885661125183105"></testcase><testcase classname="plot_syntaxerror" file="../examples/no_output/plot_syntaxerror.py" line="1" name="SyntaxError" time="0.0024237632751464844"><skipped message="expected example failure"></skipped></testcase><testcase classname="plot_parse" file="../tutorials/plot_parse.py" line="1" name="Alternating text and code" time="0.8502962589263916"></testcase><testcase classname="plot_collisions" file="../pyvista_examples/plot_collisions.py" line="1" name="Collision" time="8.91724944114685"></testcase><testcase classname="plot_glyphs" file="../pyvista_examples/plot_glyphs.py" line="1" name="Plotting Glyphs (Vectors or PolyData)" time="5.079896450042725"></testcase><testcase classname="plot_lighting" file="../pyvista_examples/plot_lighting.py" line="1" name="Lighting Properties" time="10.843413352966309"></testcase><testcase classname="plot_ray_trace" file="../pyvista_examples/plot_ray_trace.py" line="1" name="Ray Tracing" time="0.7295017242431641"></testcase><testcase classname="plot_0_plotly" file="../plotly_examples/plot_0_plotly.py" line="1" name="Example with the plotly graphing library" time="1.5189836025238037"></testcase></testsuite>