<?xml version="1.0" encoding="utf-8"?><testsuite errors="0" failures="0" name="sphinx-gallery" skipped="3" tests="21" time="41.99044871330261"><testcase classname="plot_0_sin" file="../examples/plot_0_sin.py" line="1" name="Introductory example - Plotting sin" time="0.7095153331756592"></testcase><testcase classname="plot_1_exp" file="../examples/plot_1_exp.py" line="1" name="Plotting the exponential function" time="0.8872642517089844"></testcase><testcase classname="plot_2_seaborn" file="../examples/plot_2_seaborn.py" line="1" name="Seaborn example" time="1.6771214008331299"></testcase><testcase classname="plot_3_capture_repr" file="../examples/plot_3_capture_repr.py" line="1" name="Capturing output representations" time="2.2162768840789795"></testcase><testcase classname="plot_4_choose_thumbnail" file="../examples/plot_4_choose_thumbnail.py" line="1" name="Choosing the thumbnail figure" time="0.8617982864379883"></testcase><testcase classname="plot_4b_provide_thumbnail" file="../examples/plot_4b_provide_thumbnail.py" line="1" name="Providing a figure for the thumbnail image" time="1.5367467403411865"></testcase><testcase classname="plot_5_unicode_everywhere" file="../examples/plot_5_unicode_everywhere.py" line="1" name="Using Unicode everywhere 🤗" time="0.9262270927429199"></testcase><testcase classname="plot_6_function_identifier" file="../examples/plot_6_function_identifier.py" line="1" name="Identifying function names in a script" time="0.6490678787231445"></testcase><testcase classname="plot_7_sys_argv" file="../examples/plot_7_sys_argv.py" line="1" name="Using sys.argv in examples" time="0.145094633102417"></testcase><testcase classname="plot_8_animations" file="../examples/plot_8_animations.py" line="1" name="Matplotlib animation support" time="2.166996955871582"></testcase><testcase classname="plot_9_multi_image_separate" file="../examples/plot_9_multi_image_separate.py" line="1" name="Force plots to be displayed on separate lines" time="2.343498468399048"></testcase><testcase classname="plot_raise" file="../examples/no_output/plot_raise.py" line="1" name="Example that fails to execute" time="0.744565486907959"><skipped message="expected example failure"></skipped></testcase><testcase classname="plot_raise_thumbnail" file="../examples/no_output/plot_raise_thumbnail.py" line="1" name="Example that fails to execute (with normal thumbnail behaviour)" time="0.6319165229797363"><skipped message="expected example failure"></skipped></testcase><testcase classname="plot_strings" file="../examples/no_output/plot_strings.py" line="1" name="Constrained Text output frame" time="0.29312944412231445"></testcase><testcase classname="plot_syntaxerror" file="../examples/no_output/plot_syntaxerror.py" line="1" name="SyntaxError" time="0.002111673355102539"><skipped message="expected example failure"></skipped></testcase><testcase classname="plot_parse" file="../tutorials/plot_parse.py" line="1" name="Alternating text and code" time="0.580329179763794"></testcase><testcase classname="plot_collisions" file="../pyvista_examples/plot_collisions.py" line="1" name="Collision" time="8.449658870697021"></testcase><testcase classname="plot_glyphs" file="../pyvista_examples/plot_glyphs.py" line="1" name="Plotting Glyphs (Vectors or PolyData)" time="5.009162902832031"></testcase><testcase classname="plot_lighting" file="../pyvista_examples/plot_lighting.py" line="1" name="Lighting Properties" time="10.31806492805481"></testcase><testcase classname="plot_ray_trace" file="../pyvista_examples/plot_ray_trace.py" line="1" name="Ray Tracing" time="0.6878821849822998"></testcase><testcase classname="plot_0_plotly" file="../plotly_examples/plot_0_plotly.py" line="1" name="Example with the plotly graphing library" time="1.1540195941925049"></testcase></testsuite>